2024-03-23 10:32:42,863:INFO:Starting ETL process
2024-03-23 10:32:42,863:INFO:Starting data extraction
2024-03-23 10:32:42,891:INFO:Data extraction completed
2024-03-23 10:32:42,891:INFO:Starting data transformation
2024-03-23 10:32:42,903:INFO:Data transformation completed
2024-03-23 10:32:42,904:INFO:Starting data loading
2024-03-23 10:32:42,941:INFO:Data loading completed
2024-03-23 10:32:42,941:INFO:ETL process completed
2024-03-23 10:32:42,941:INFO:Starting file moving
2024-03-23 10:32:42,946:INFO:File moving completed
2024-03-23 10:32:42,947:INFO:Starting downsampling
2024-03-23 10:32:43,008:INFO:Train file created
2024-03-23 10:32:43,017:INFO:Test file created
2024-03-23 12:16:49,892:INFO:Starting ETL process
2024-03-23 12:16:49,893:INFO:Starting data extraction
2024-03-23 12:16:49,929:INFO:Data extraction completed
2024-03-23 12:16:49,929:INFO:Starting data transformation
2024-03-23 12:16:49,956:INFO:Data transformation completed
2024-03-23 12:16:49,956:INFO:Starting data loading
2024-03-23 12:16:50,009:INFO:Data loading completed
2024-03-23 12:16:50,009:INFO:ETL process completed
2024-03-23 12:16:50,010:INFO:Starting file moving
2024-03-23 12:16:50,015:INFO:File moving completed
2024-03-23 12:16:50,016:INFO:Starting downsampling
2024-03-23 12:16:50,190:INFO:Train file created
2024-03-23 12:16:50,208:INFO:Test file created
2024-03-23 12:50:41,852:INFO:Starting ETL process
2024-03-23 12:50:41,852:INFO:Starting data extraction
2024-03-23 12:50:41,879:INFO:Data extraction completed
2024-03-23 12:50:41,879:INFO:Starting data transformation
2024-03-23 12:50:41,888:INFO:Data transformation completed
2024-03-23 12:50:41,888:INFO:Starting data loading
2024-03-23 12:50:41,917:INFO:Data loading completed
2024-03-23 12:50:41,918:INFO:ETL process completed
2024-03-23 12:50:41,918:INFO:Starting file moving
2024-03-23 12:50:41,923:INFO:File moving completed
2024-03-23 12:50:41,923:INFO:Starting downsampling
2024-03-23 12:50:42,062:INFO:Train file created
2024-03-23 12:50:42,075:INFO:Test file created
